<?xml version="1.0" encoding="UTF-8"?>
<!-- Generated by org.testng.reporters.JUnitXMLReporter -->
<testsuite ignored="0" hostname="DESKTOP-BJF89S9" failures="0" tests="6" name="Test" time="0.039" errors="0" timestamp="27 Sep 2020 22:14:33 GMT">
  <testcase classname="rahulshettyacademy.SeleniumTest" name="day1" time="0.009"/>
  <testcase classname="rahulshettyacademy.SeleniumTest" name="day2" time="0.001"/>
  <testcase classname="rahulshettyacademy.RESTAPITest" name="deletefacebook" time="0.0"/>
  <testcase classname="rahulshettyacademy.RESTAPITest" name="postjira" time="0.001"/>
  <testcase classname="rahulshettyacademy.AppiumTest" name="IOSapp" time="0.001"/>
  <testcase classname="rahulshettyacademy.AppiumTest" name="android" time="0.0"/>
</testsuite> <!-- Test -->
