<?xml version="1.0" encoding="UTF-8"?>
<testng-results ignored="0" total="6" passed="6" failed="0" skipped="0">
  <reporter-output>
  </reporter-output>
  <suite started-at="2020-09-27T22:14:33Z" name="Suite" finished-at="2020-09-27T22:14:33Z" duration-ms="39">
    <groups>
    </groups>
    <test started-at="2020-09-27T22:14:33Z" name="Test" finished-at="2020-09-27T22:14:33Z" duration-ms="39">
      <class name="rahulshettyacademy.RESTAPITest">
        <test-method signature="deletefacebook()[pri:0, instance:rahulshettyacademy.RESTAPITest@2a225dd7]" started-at="2020-09-27T22:14:33Z" name="deletefacebook" finished-at="2020-09-27T22:14:33Z" duration-ms="0" status="PASS">
          <reporter-output>
          </reporter-output>
        </test-method> <!-- deletefacebook -->
        <test-method signature="postjira()[pri:0, instance:rahulshettyacademy.RESTAPITest@2a225dd7]" started-at="2020-09-27T22:14:33Z" name="postjira" finished-at="2020-09-27T22:14:33Z" duration-ms="1" status="PASS">
          <reporter-output>
          </reporter-output>
        </test-method> <!-- postjira -->
      </class> <!-- rahulshettyacademy.RESTAPITest -->
      <class name="rahulshettyacademy.SeleniumTest">
        <test-method signature="day1()[pri:0, instance:rahulshettyacademy.SeleniumTest@5495333e]" started-at="2020-09-27T22:14:33Z" name="day1" finished-at="2020-09-27T22:14:33Z" duration-ms="9" status="PASS">
          <reporter-output>
          </reporter-output>
        </test-method> <!-- day1 -->
        <test-method signature="day2()[pri:0, instance:rahulshettyacademy.SeleniumTest@5495333e]" started-at="2020-09-27T22:14:33Z" name="day2" finished-at="2020-09-27T22:14:33Z" duration-ms="1" status="PASS">
          <reporter-output>
          </reporter-output>
        </test-method> <!-- day2 -->
      </class> <!-- rahulshettyacademy.SeleniumTest -->
      <class name="rahulshettyacademy.AppiumTest">
        <test-method signature="IOSapp()[pri:0, instance:rahulshettyacademy.AppiumTest@61eaec38]" started-at="2020-09-27T22:14:33Z" name="IOSapp" finished-at="2020-09-27T22:14:33Z" duration-ms="1" status="PASS">
          <reporter-output>
          </reporter-output>
        </test-method> <!-- IOSapp -->
        <test-method signature="android()[pri:0, instance:rahulshettyacademy.AppiumTest@61eaec38]" started-at="2020-09-27T22:14:33Z" name="android" finished-at="2020-09-27T22:14:33Z" duration-ms="0" status="PASS">
          <reporter-output>
          </reporter-output>
        </test-method> <!-- android -->
      </class> <!-- rahulshettyacademy.AppiumTest -->
    </test> <!-- Test -->
  </suite> <!-- Suite -->
</testng-results>
